# JRE version: OpenJDK Runtime Environment (8.0_162-b12) (build 1.8.0_162-8u162-b12-0ubuntu0.16.04.2-b12)
# Java VM: OpenJDK 64-Bit Server VM (25.162-b12 mixed mode linux-amd64 compressed oops)
Heap:
 PSYoungGen      total 231424K, used 12743K [0x00000000ec000000, 0x00000000fb080000, 0x0000000100000000)
  eden space 216576K, 0% used [0x00000000ec000000,0x00000000ec000000,0x00000000f9380000)
  from space 14848K, 85% used [0x00000000f9380000,0x00000000f9ff1f70,0x00000000fa200000)
  to   space 12288K, 0% used [0x00000000fa200000,0x00000000fa200000,0x00000000fae00000)
 ParOldGen       total 57344K, used 28360K [0x00000000c4000000, 0x00000000c7800000, 0x00000000ec000000)
  object space 57344K, 49% used [0x00000000c4000000,0x00000000c5bb2018,0x00000000c7800000)
 Metaspace       used 56991K, capacity 59004K, committed 59136K, reserved 1101824K
  class space    used 7224K, capacity 7614K, committed 7680K, reserved 1048576K
GC Heap History (10 events):
Event: 25,598 GC heap after
Heap after GC invocations=10 (full 1):
 PSYoungGen      total 128512K, used 7677K [0x00000000ec000000, 0x00000000f7580000, 0x0000000100000000)
  eden space 120832K, 0% used [0x00000000ec000000,0x00000000ec000000,0x00000000f3600000)
  from space 7680K, 99% used [0x00000000f3600000,0x00000000f3d7f4f0,0x00000000f3d80000)
  to   space 9216K, 0% used [0x00000000f6c80000,0x00000000f6c80000,0x00000000f7580000)
 ParOldGen       total 28672K, used 7133K [0x00000000c4000000, 0x00000000c5c00000, 0x00000000ec000000)
  object space 28672K, 24% used [0x00000000c4000000,0x00000000c46f76e0,0x00000000c5c00000)
 Metaspace       used 24883K, capacity 25608K, committed 25856K, reserved 1071104K
  class space    used 3082K, capacity 3246K, committed 3328K, reserved 1048576K
}
Event: 31,605 GC heap before
{Heap before GC invocations=11 (full 1):
 PSYoungGen      total 128512K, used 128509K [0x00000000ec000000, 0x00000000f7580000, 0x0000000100000000)
  eden space 120832K, 100% used [0x00000000ec000000,0x00000000f3600000,0x00000000f3600000)
  from space 7680K, 99% used [0x00000000f3600000,0x00000000f3d7f4f0,0x00000000f3d80000)
  to   space 9216K, 0% used [0x00000000f6c80000,0x00000000f6c80000,0x00000000f7580000)
 ParOldGen       total 28672K, used 7133K [0x00000000c4000000, 0x00000000c5c00000, 0x00000000ec000000)
  object space 28672K, 24% used [0x00000000c4000000,0x00000000c46f76e0,0x00000000c5c00000)
 Metaspace       used 30303K, capacity 31344K, committed 31488K, reserved 1077248K
  class space    used 3788K, capacity 4028K, committed 4096K, reserved 1048576K
Event: 31,644 GC heap after
Heap after GC invocations=11 (full 1):
 PSYoungGen      total 173056K, used 9188K [0x00000000ec000000, 0x00000000f7900000, 0x0000000100000000)
  eden space 163840K, 0% used [0x00000000ec000000,0x00000000ec000000,0x00000000f6000000)
  from space 9216K, 99% used [0x00000000f6c80000,0x00000000f7579360,0x00000000f7580000)
  to   space 12800K, 0% used [0x00000000f6000000,0x00000000f6000000,0x00000000f6c80000)
 ParOldGen       total 28672K, used 12896K [0x00000000c4000000, 0x00000000c5c00000, 0x00000000ec000000)
  object space 28672K, 44% used [0x00000000c4000000,0x00000000c4c98320,0x00000000c5c00000)
 Metaspace       used 30303K, capacity 31344K, committed 31488K, reserved 1077248K
  class space    used 3788K, capacity 4028K, committed 4096K, reserved 1048576K
}
Event: 36,942 GC heap before
{Heap before GC invocations=12 (full 1):
 PSYoungGen      total 173056K, used 149751K [0x00000000ec000000, 0x00000000f7900000, 0x0000000100000000)
  eden space 163840K, 85% used [0x00000000ec000000,0x00000000f4944bf8,0x00000000f6000000)
  from space 9216K, 99% used [0x00000000f6c80000,0x00000000f7579360,0x00000000f7580000)
  to   space 12800K, 0% used [0x00000000f6000000,0x00000000f6000000,0x00000000f6c80000)
 ParOldGen       total 28672K, used 12896K [0x00000000c4000000, 0x00000000c5c00000, 0x00000000ec000000)
  object space 28672K, 44% used [0x00000000c4000000,0x00000000c4c98320,0x00000000c5c00000)
 Metaspace       used 33879K, capacity 35320K, committed 35496K, reserved 1081344K
  class space    used 4215K, capacity 4534K, committed 4608K, reserved 1048576K
Event: 37,014 GC heap after
Heap after GC invocations=12 (full 1):
 PSYoungGen      total 176640K, used 5780K [0x00000000ec000000, 0x00000000fae00000, 0x0000000100000000)
  eden space 163840K, 0% used [0x00000000ec000000,0x00000000ec000000,0x00000000f6000000)
  from space 12800K, 45% used [0x00000000f6000000,0x00000000f65a5358,0x00000000f6c80000)
  to   space 12288K, 0% used [0x00000000fa200000,0x00000000fa200000,0x00000000fae00000)
 ParOldGen       total 28672K, used 21913K [0x00000000c4000000, 0x00000000c5c00000, 0x00000000ec000000)
  object space 28672K, 76% used [0x00000000c4000000,0x00000000c55667d8,0x00000000c5c00000)
 Metaspace       used 33879K, capacity 35320K, committed 35496K, reserved 1081344K
  class space    used 4215K, capacity 4534K, committed 4608K, reserved 1048576K
}
Event: 37,014 GC heap before
{Heap before GC invocations=13 (full 2):
 PSYoungGen      total 176640K, used 5780K [0x00000000ec000000, 0x00000000fae00000, 0x0000000100000000)
  eden space 163840K, 0% used [0x00000000ec000000,0x00000000ec000000,0x00000000f6000000)
  from space 12800K, 45% used [0x00000000f6000000,0x00000000f65a5358,0x00000000f6c80000)
  to   space 12288K, 0% used [0x00000000fa200000,0x00000000fa200000,0x00000000fae00000)
 ParOldGen       total 28672K, used 21913K [0x00000000c4000000, 0x00000000c5c00000, 0x00000000ec000000)
  object space 28672K, 76% used [0x00000000c4000000,0x00000000c55667d8,0x00000000c5c00000)
 Metaspace       used 33879K, capacity 35320K, committed 35496K, reserved 1081344K
  class space    used 4215K, capacity 4534K, committed 4608K, reserved 1048576K
Event: 37,272 GC heap after
Heap after GC invocations=13 (full 2):
 PSYoungGen      total 176640K, used 0K [0x00000000ec000000, 0x00000000fae00000, 0x0000000100000000)
  eden space 163840K, 0% used [0x00000000ec000000,0x00000000ec000000,0x00000000f6000000)
  from space 12800K, 0% used [0x00000000f6000000,0x00000000f6000000,0x00000000f6c80000)
  to   space 12288K, 0% used [0x00000000fa200000,0x00000000fa200000,0x00000000fae00000)
 ParOldGen       total 57344K, used 20598K [0x00000000c4000000, 0x00000000c7800000, 0x00000000ec000000)
  object space 57344K, 35% used [0x00000000c4000000,0x00000000c541daa8,0x00000000c7800000)
 Metaspace       used 33879K, capacity 35320K, committed 35496K, reserved 1081344K
  class space    used 4215K, capacity 4534K, committed 4608K, reserved 1048576K
}
Event: 45,348 GC heap before
{Heap before GC invocations=14 (full 2):
 PSYoungGen      total 176640K, used 163840K [0x00000000ec000000, 0x00000000fae00000, 0x0000000100000000)
  eden space 163840K, 100% used [0x00000000ec000000,0x00000000f6000000,0x00000000f6000000)
  from space 12800K, 0% used [0x00000000f6000000,0x00000000f6000000,0x00000000f6c80000)
  to   space 12288K, 0% used [0x00000000fa200000,0x00000000fa200000,0x00000000fae00000)
 ParOldGen       total 57344K, used 20598K [0x00000000c4000000, 0x00000000c7800000, 0x00000000ec000000)
  object space 57344K, 35% used [0x00000000c4000000,0x00000000c541daa8,0x00000000c7800000)
 Metaspace       used 47518K, capacity 49162K, committed 49536K, reserved 1091584K
  class space    used 6051K, capacity 6407K, committed 6528K, reserved 1048576K
Event: 45,392 GC heap after
Heap after GC invocations=14 (full 2):
 PSYoungGen      total 228864K, used 12278K [0x00000000ec000000, 0x00000000fb080000, 0x0000000100000000)
  eden space 216576K, 0% used [0x00000000ec000000,0x00000000ec000000,0x00000000f9380000)
  from space 12288K, 99% used [0x00000000fa200000,0x00000000fadfdb18,0x00000000fae00000)
  to   space 14848K, 0% used [0x00000000f9380000,0x00000000f9380000,0x00000000fa200000)
 ParOldGen       total 57344K, used 23187K [0x00000000c4000000, 0x00000000c7800000, 0x00000000ec000000)
  object space 57344K, 40% used [0x00000000c4000000,0x00000000c56a4ec8,0x00000000c7800000)
 Metaspace       used 47518K, capacity 49162K, committed 49536K, reserved 1091584K
  class space    used 6051K, capacity 6407K, committed 6528K, reserved 1048576K
}
Event: 54,788 GC heap before
{Heap before GC invocations=15 (full 2):
 PSYoungGen      total 228864K, used 153851K [0x00000000ec000000, 0x00000000fb080000, 0x0000000100000000)
  eden space 216576K, 65% used [0x00000000ec000000,0x00000000f4a41228,0x00000000f9380000)
  from space 12288K, 99% used [0x00000000fa200000,0x00000000fadfdb18,0x00000000fae00000)
  to   space 14848K, 0% used [0x00000000f9380000,0x00000000f9380000,0x00000000fa200000)
 ParOldGen       total 57344K, used 23187K [0x00000000c4000000, 0x00000000c7800000, 0x00000000ec000000)
  object space 57344K, 40% used [0x00000000c4000000,0x00000000c56a4ec8,0x00000000c7800000)
 Metaspace       used 56991K, capacity 59004K, committed 59136K, reserved 1101824K
  class space    used 7224K, capacity 7614K, committed 7680K, reserved 1048576K

