# JRE version: OpenJDK Runtime Environment (8.0_151-b12) (build 1.8.0_151-8u151-b12-0ubuntu0.16.04.2-b12)
# Java VM: OpenJDK 64-Bit Server VM (25.151-b12 mixed mode linux-amd64 compressed oops)
Heap:
 PSYoungGen      total 166912K, used 12263K [0x00000000ec000000, 0x00000000f6f00000, 0x0000000100000000)
  eden space 154624K, 0% used [0x00000000ec000000,0x00000000ec000000,0x00000000f5700000)
  from space 12288K, 99% used [0x00000000f5700000,0x00000000f62f9f60,0x00000000f6300000)
  to   space 9728K, 0% used [0x00000000f6300000,0x00000000f6300000,0x00000000f6c80000)
 ParOldGen       total 34816K, used 17900K [0x00000000c4000000, 0x00000000c6200000, 0x00000000ec000000)
  object space 34816K, 51% used [0x00000000c4000000,0x00000000c517b390,0x00000000c6200000)
 Metaspace       used 34668K, capacity 35212K, committed 35496K, reserved 1081344K
  class space    used 4392K, capacity 4526K, committed 4608K, reserved 1048576K
GC Heap History (10 events):
Event: 15,548 GC heap after
Heap after GC invocations=7 (full 0):
 PSYoungGen      total 67072K, used 6643K [0x00000000ec000000, 0x00000000f4700000, 0x0000000100000000)
  eden space 60416K, 0% used [0x00000000ec000000,0x00000000ec000000,0x00000000efb00000)
  from space 6656K, 99% used [0x00000000efb00000,0x00000000f017cf68,0x00000000f0180000)
  to   space 8704K, 0% used [0x00000000f3e80000,0x00000000f3e80000,0x00000000f4700000)
 ParOldGen       total 40960K, used 7466K [0x00000000c4000000, 0x00000000c6800000, 0x00000000ec000000)
  object space 40960K, 18% used [0x00000000c4000000,0x00000000c474a870,0x00000000c6800000)
 Metaspace       used 19703K, capacity 20084K, committed 20224K, reserved 1067008K
  class space    used 2396K, capacity 2503K, committed 2560K, reserved 1048576K
}
Event: 18,269 GC heap before
{Heap before GC invocations=8 (full 0):
 PSYoungGen      total 67072K, used 64537K [0x00000000ec000000, 0x00000000f4700000, 0x0000000100000000)
  eden space 60416K, 95% used [0x00000000ec000000,0x00000000ef8894d0,0x00000000efb00000)
  from space 6656K, 99% used [0x00000000efb00000,0x00000000f017cf68,0x00000000f0180000)
  to   space 8704K, 0% used [0x00000000f3e80000,0x00000000f3e80000,0x00000000f4700000)
 ParOldGen       total 40960K, used 7466K [0x00000000c4000000, 0x00000000c6800000, 0x00000000ec000000)
  object space 40960K, 18% used [0x00000000c4000000,0x00000000c474a870,0x00000000c6800000)
 Metaspace       used 20753K, capacity 21176K, committed 21296K, reserved 1069056K
  class space    used 2541K, capacity 2642K, committed 2688K, reserved 1048576K
Event: 18,314 GC heap after
Heap after GC invocations=8 (full 0):
 PSYoungGen      total 128512K, used 7463K [0x00000000ec000000, 0x00000000f4900000, 0x0000000100000000)
  eden space 119808K, 0% used [0x00000000ec000000,0x00000000ec000000,0x00000000f3500000)
  from space 8704K, 85% used [0x00000000f3e80000,0x00000000f45c9e78,0x00000000f4700000)
  to   space 9728K, 0% used [0x00000000f3500000,0x00000000f3500000,0x00000000f3e80000)
 ParOldGen       total 40960K, used 7618K [0x00000000c4000000, 0x00000000c6800000, 0x00000000ec000000)
  object space 40960K, 18% used [0x00000000c4000000,0x00000000c4770890,0x00000000c6800000)
 Metaspace       used 20753K, capacity 21176K, committed 21296K, reserved 1069056K
  class space    used 2541K, capacity 2642K, committed 2688K, reserved 1048576K
}
Event: 18,314 GC heap before
{Heap before GC invocations=9 (full 1):
 PSYoungGen      total 128512K, used 7463K [0x00000000ec000000, 0x00000000f4900000, 0x0000000100000000)
  eden space 119808K, 0% used [0x00000000ec000000,0x00000000ec000000,0x00000000f3500000)
  from space 8704K, 85% used [0x00000000f3e80000,0x00000000f45c9e78,0x00000000f4700000)
  to   space 9728K, 0% used [0x00000000f3500000,0x00000000f3500000,0x00000000f3e80000)
 ParOldGen       total 40960K, used 7618K [0x00000000c4000000, 0x00000000c6800000, 0x00000000ec000000)
  object space 40960K, 18% used [0x00000000c4000000,0x00000000c4770890,0x00000000c6800000)
 Metaspace       used 20753K, capacity 21176K, committed 21296K, reserved 1069056K
  class space    used 2541K, capacity 2642K, committed 2688K, reserved 1048576K
Event: 18,670 GC heap after
Heap after GC invocations=9 (full 1):
 PSYoungGen      total 128512K, used 0K [0x00000000ec000000, 0x00000000f4900000, 0x0000000100000000)
  eden space 119808K, 0% used [0x00000000ec000000,0x00000000ec000000,0x00000000f3500000)
  from space 8704K, 0% used [0x00000000f3e80000,0x00000000f3e80000,0x00000000f4700000)
  to   space 9728K, 0% used [0x00000000f3500000,0x00000000f3500000,0x00000000f3e80000)
 ParOldGen       total 34816K, used 9671K [0x00000000c4000000, 0x00000000c6200000, 0x00000000ec000000)
  object space 34816K, 27% used [0x00000000c4000000,0x00000000c4971d68,0x00000000c6200000)
 Metaspace       used 20753K, capacity 21176K, committed 21296K, reserved 1069056K
  class space    used 2541K, capacity 2642K, committed 2688K, reserved 1048576K
}
Event: 23,606 GC heap before
{Heap before GC invocations=10 (full 1):
 PSYoungGen      total 128512K, used 119808K [0x00000000ec000000, 0x00000000f4900000, 0x0000000100000000)
  eden space 119808K, 100% used [0x00000000ec000000,0x00000000f3500000,0x00000000f3500000)
  from space 8704K, 0% used [0x00000000f3e80000,0x00000000f3e80000,0x00000000f4700000)
  to   space 9728K, 0% used [0x00000000f3500000,0x00000000f3500000,0x00000000f3e80000)
 ParOldGen       total 34816K, used 9671K [0x00000000c4000000, 0x00000000c6200000, 0x00000000ec000000)
  object space 34816K, 27% used [0x00000000c4000000,0x00000000c4971d68,0x00000000c6200000)
 Metaspace       used 24662K, capacity 25166K, committed 25344K, reserved 1071104K
  class space    used 3104K, capacity 3234K, committed 3328K, reserved 1048576K
Event: 23,626 GC heap after
Heap after GC invocations=10 (full 1):
 PSYoungGen      total 129536K, used 7008K [0x00000000ec000000, 0x00000000f6c80000, 0x0000000100000000)
  eden space 119808K, 0% used [0x00000000ec000000,0x00000000ec000000,0x00000000f3500000)
  from space 9728K, 72% used [0x00000000f3500000,0x00000000f3bd8020,0x00000000f3e80000)
  to   space 9728K, 0% used [0x00000000f6300000,0x00000000f6300000,0x00000000f6c80000)
 ParOldGen       total 34816K, used 9671K [0x00000000c4000000, 0x00000000c6200000, 0x00000000ec000000)
  object space 34816K, 27% used [0x00000000c4000000,0x00000000c4971d68,0x00000000c6200000)
 Metaspace       used 24662K, capacity 25166K, committed 25344K, reserved 1071104K
  class space    used 3104K, capacity 3234K, committed 3328K, reserved 1048576K
}
Event: 26,918 GC heap before
{Heap before GC invocations=11 (full 1):
 PSYoungGen      total 129536K, used 126816K [0x00000000ec000000, 0x00000000f6c80000, 0x0000000100000000)
  eden space 119808K, 100% used [0x00000000ec000000,0x00000000f3500000,0x00000000f3500000)
  from space 9728K, 72% used [0x00000000f3500000,0x00000000f3bd8020,0x00000000f3e80000)
  to   space 9728K, 0% used [0x00000000f6300000,0x00000000f6300000,0x00000000f6c80000)
 ParOldGen       total 34816K, used 9671K [0x00000000c4000000, 0x00000000c6200000, 0x00000000ec000000)
  object space 34816K, 27% used [0x00000000c4000000,0x00000000c4971d68,0x00000000c6200000)
 Metaspace       used 27873K, capacity 28436K, committed 28800K, reserved 1075200K
  class space    used 3516K, capacity 3619K, committed 3712K, reserved 1048576K
Event: 26,949 GC heap after
Heap after GC invocations=11 (full 1):
 PSYoungGen      total 164352K, used 9699K [0x00000000ec000000, 0x00000000f6f00000, 0x0000000100000000)
  eden space 154624K, 0% used [0x00000000ec000000,0x00000000ec000000,0x00000000f5700000)
  from space 9728K, 99% used [0x00000000f6300000,0x00000000f6c78dd0,0x00000000f6c80000)
  to   space 12288K, 0% used [0x00000000f5700000,0x00000000f5700000,0x00000000f6300000)
 ParOldGen       total 34816K, used 12714K [0x00000000c4000000, 0x00000000c6200000, 0x00000000ec000000)
  object space 34816K, 36% used [0x00000000c4000000,0x00000000c4c6aae8,0x00000000c6200000)
 Metaspace       used 27873K, capacity 28436K, committed 28800K, reserved 1075200K
  class space    used 3516K, capacity 3619K, committed 3712K, reserved 1048576K
}
Event: 30,742 GC heap before
{Heap before GC invocations=12 (full 1):
 PSYoungGen      total 164352K, used 118582K [0x00000000ec000000, 0x00000000f6f00000, 0x0000000100000000)
  eden space 154624K, 70% used [0x00000000ec000000,0x00000000f2a54ca8,0x00000000f5700000)
  from space 9728K, 99% used [0x00000000f6300000,0x00000000f6c78dd0,0x00000000f6c80000)
  to   space 12288K, 0% used [0x00000000f5700000,0x00000000f5700000,0x00000000f6300000)
 ParOldGen       total 34816K, used 12714K [0x00000000c4000000, 0x00000000c6200000, 0x00000000ec000000)
  object space 34816K, 36% used [0x00000000c4000000,0x00000000c4c6aae8,0x00000000c6200000)
 Metaspace       used 34668K, capacity 35212K, committed 35496K, reserved 1081344K
  class space    used 4392K, capacity 4526K, committed 4608K, reserved 1048576K

