# JRE version: OpenJDK Runtime Environment (8.0_162-b12) (build 1.8.0_162-8u162-b12-0ubuntu0.16.04.2-b12)
# Java VM: OpenJDK 64-Bit Server VM (25.162-b12 mixed mode linux-amd64 compressed oops)
Heap:
 PSYoungGen      total 67072K, used 6629K [0x00000000ec000000, 0x00000000f0900000, 0x0000000100000000)
  eden space 60416K, 0% used [0x00000000ec000000,0x00000000ec000000,0x00000000efb00000)
  from space 6656K, 99% used [0x00000000efb00000,0x00000000f01796d8,0x00000000f0180000)
  to   space 5632K, 0% used [0x00000000f0180000,0x00000000f0180000,0x00000000f0700000)
 ParOldGen       total 40960K, used 5558K [0x00000000c4000000, 0x00000000c6800000, 0x00000000ec000000)
  object space 40960K, 13% used [0x00000000c4000000,0x00000000c456d958,0x00000000c6800000)
 Metaspace       used 20653K, capacity 21150K, committed 21248K, reserved 1067008K
  class space    used 2572K, capacity 2718K, committed 2816K, reserved 1048576K
GC Heap History (10 events):
Event: 3.640 GC heap after
Heap after GC invocations=2 (full 0):
 PSYoungGen      total 17920K, used 2161K [0x00000000ec000000, 0x00000000ee300000, 0x0000000100000000)
  eden space 15360K, 0% used [0x00000000ec000000,0x00000000ec000000,0x00000000ecf00000)
  from space 2560K, 84% used [0x00000000ed180000,0x00000000ed39c710,0x00000000ed400000)
  to   space 2560K, 0% used [0x00000000ecf00000,0x00000000ecf00000,0x00000000ed180000)
 ParOldGen       total 40960K, used 517K [0x00000000c4000000, 0x00000000c6800000, 0x00000000ec000000)
  object space 40960K, 1% used [0x00000000c4000000,0x00000000c40817b8,0x00000000c6800000)
 Metaspace       used 7682K, capacity 7858K, committed 8192K, reserved 1056768K
  class space    used 874K, capacity 939K, committed 1024K, reserved 1048576K
}
Event: 3.651 GC heap before
{Heap before GC invocations=3 (full 0):
 PSYoungGen      total 17920K, used 17482K [0x00000000ec000000, 0x00000000ee300000, 0x0000000100000000)
  eden space 15360K, 99% used [0x00000000ec000000,0x00000000ecef61d8,0x00000000ecf00000)
  from space 2560K, 84% used [0x00000000ed180000,0x00000000ed39c710,0x00000000ed400000)
  to   space 2560K, 0% used [0x00000000ecf00000,0x00000000ecf00000,0x00000000ed180000)
 ParOldGen       total 40960K, used 517K [0x00000000c4000000, 0x00000000c6800000, 0x00000000ec000000)
  object space 40960K, 1% used [0x00000000c4000000,0x00000000c40817b8,0x00000000c6800000)
 Metaspace       used 7682K, capacity 7858K, committed 8192K, reserved 1056768K
  class space    used 874K, capacity 939K, committed 1024K, reserved 1048576K
Event: 3.658 GC heap after
Heap after GC invocations=3 (full 0):
 PSYoungGen      total 17920K, used 1799K [0x00000000ec000000, 0x00000000ee300000, 0x0000000100000000)
  eden space 15360K, 0% used [0x00000000ec000000,0x00000000ec000000,0x00000000ecf00000)
  from space 2560K, 70% used [0x00000000ecf00000,0x00000000ed0c1e20,0x00000000ed180000)
  to   space 2560K, 0% used [0x00000000ee080000,0x00000000ee080000,0x00000000ee300000)
 ParOldGen       total 40960K, used 517K [0x00000000c4000000, 0x00000000c6800000, 0x00000000ec000000)
  object space 40960K, 1% used [0x00000000c4000000,0x00000000c40817b8,0x00000000c6800000)
 Metaspace       used 7682K, capacity 7858K, committed 8192K, reserved 1056768K
  class space    used 874K, capacity 939K, committed 1024K, reserved 1048576K
}
Event: 4.787 GC heap before
{Heap before GC invocations=4 (full 0):
 PSYoungGen      total 17920K, used 17159K [0x00000000ec000000, 0x00000000ee300000, 0x0000000100000000)
  eden space 15360K, 100% used [0x00000000ec000000,0x00000000ecf00000,0x00000000ecf00000)
  from space 2560K, 70% used [0x00000000ecf00000,0x00000000ed0c1e20,0x00000000ed180000)
  to   space 2560K, 0% used [0x00000000ee080000,0x00000000ee080000,0x00000000ee300000)
 ParOldGen       total 40960K, used 517K [0x00000000c4000000, 0x00000000c6800000, 0x00000000ec000000)
  object space 40960K, 1% used [0x00000000c4000000,0x00000000c40817b8,0x00000000c6800000)
 Metaspace       used 9473K, capacity 9738K, committed 9984K, reserved 1058816K
  class space    used 1099K, capacity 1198K, committed 1280K, reserved 1048576K
Event: 4.799 GC heap after
Heap after GC invocations=4 (full 0):
 PSYoungGen      total 33280K, used 2557K [0x00000000ec000000, 0x00000000ee300000, 0x0000000100000000)
  eden space 30720K, 0% used [0x00000000ec000000,0x00000000ec000000,0x00000000ede00000)
  from space 2560K, 99% used [0x00000000ee080000,0x00000000ee2ff640,0x00000000ee300000)
  to   space 2560K, 0% used [0x00000000ede00000,0x00000000ede00000,0x00000000ee080000)
 ParOldGen       total 40960K, used 1517K [0x00000000c4000000, 0x00000000c6800000, 0x00000000ec000000)
  object space 40960K, 3% used [0x00000000c4000000,0x00000000c417b648,0x00000000c6800000)
 Metaspace       used 9473K, capacity 9738K, committed 9984K, reserved 1058816K
  class space    used 1099K, capacity 1198K, committed 1280K, reserved 1048576K
}
Event: 6.341 GC heap before
{Heap before GC invocations=5 (full 0):
 PSYoungGen      total 33280K, used 33277K [0x00000000ec000000, 0x00000000ee300000, 0x0000000100000000)
  eden space 30720K, 100% used [0x00000000ec000000,0x00000000ede00000,0x00000000ede00000)
  from space 2560K, 99% used [0x00000000ee080000,0x00000000ee2ff640,0x00000000ee300000)
  to   space 2560K, 0% used [0x00000000ede00000,0x00000000ede00000,0x00000000ee080000)
 ParOldGen       total 40960K, used 1517K [0x00000000c4000000, 0x00000000c6800000, 0x00000000ec000000)
  object space 40960K, 3% used [0x00000000c4000000,0x00000000c417b648,0x00000000c6800000)
 Metaspace       used 12826K, capacity 13202K, committed 13312K, reserved 1060864K
  class space    used 1594K, capacity 1710K, committed 1792K, reserved 1048576K
Event: 6.363 GC heap after
Heap after GC invocations=5 (full 0):
 PSYoungGen      total 33280K, used 2544K [0x00000000ec000000, 0x00000000f0700000, 0x0000000100000000)
  eden space 30720K, 0% used [0x00000000ec000000,0x00000000ec000000,0x00000000ede00000)
  from space 2560K, 99% used [0x00000000ede00000,0x00000000ee07c080,0x00000000ee080000)
  to   space 5632K, 0% used [0x00000000f0180000,0x00000000f0180000,0x00000000f0700000)
 ParOldGen       total 40960K, used 3746K [0x00000000c4000000, 0x00000000c6800000, 0x00000000ec000000)
  object space 40960K, 9% used [0x00000000c4000000,0x00000000c43a88b8,0x00000000c6800000)
 Metaspace       used 12826K, capacity 13202K, committed 13312K, reserved 1060864K
  class space    used 1594K, capacity 1710K, committed 1792K, reserved 1048576K
}
Event: 8.711 GC heap before
{Heap before GC invocations=6 (full 0):
 PSYoungGen      total 33280K, used 33264K [0x00000000ec000000, 0x00000000f0700000, 0x0000000100000000)
  eden space 30720K, 100% used [0x00000000ec000000,0x00000000ede00000,0x00000000ede00000)
  from space 2560K, 99% used [0x00000000ede00000,0x00000000ee07c080,0x00000000ee080000)
  to   space 5632K, 0% used [0x00000000f0180000,0x00000000f0180000,0x00000000f0700000)
 ParOldGen       total 40960K, used 3746K [0x00000000c4000000, 0x00000000c6800000, 0x00000000ec000000)
  object space 40960K, 9% used [0x00000000c4000000,0x00000000c43a88b8,0x00000000c6800000)
 Metaspace       used 15527K, capacity 15970K, committed 16256K, reserved 1062912K
  class space    used 1984K, capacity 2118K, committed 2176K, reserved 1048576K
Event: 8.733 GC heap after
Heap after GC invocations=6 (full 0):
 PSYoungGen      total 66048K, used 5548K [0x00000000ec000000, 0x00000000f0900000, 0x0000000100000000)
  eden space 60416K, 0% used [0x00000000ec000000,0x00000000ec000000,0x00000000efb00000)
  from space 5632K, 98% used [0x00000000f0180000,0x00000000f06eb288,0x00000000f0700000)
  to   space 6656K, 0% used [0x00000000efb00000,0x00000000efb00000,0x00000000f0180000)
 ParOldGen       total 40960K, used 3754K [0x00000000c4000000, 0x00000000c6800000, 0x00000000ec000000)
  object space 40960K, 9% used [0x00000000c4000000,0x00000000c43aa8b8,0x00000000c6800000)
 Metaspace       used 15527K, capacity 15970K, committed 16256K, reserved 1062912K
  class space    used 1984K, capacity 2118K, committed 2176K, reserved 1048576K
}
Event: 10.956 GC heap before
{Heap before GC invocations=7 (full 0):
 PSYoungGen      total 66048K, used 47379K [0x00000000ec000000, 0x00000000f0900000, 0x0000000100000000)
  eden space 60416K, 69% used [0x00000000ec000000,0x00000000ee8d9d48,0x00000000efb00000)
  from space 5632K, 98% used [0x00000000f0180000,0x00000000f06eb288,0x00000000f0700000)
  to   space 6656K, 0% used [0x00000000efb00000,0x00000000efb00000,0x00000000f0180000)
 ParOldGen       total 40960K, used 3754K [0x00000000c4000000, 0x00000000c6800000, 0x00000000ec000000)
  object space 40960K, 9% used [0x00000000c4000000,0x00000000c43aa8b8,0x00000000c6800000)
 Metaspace       used 20653K, capacity 21150K, committed 21248K, reserved 1067008K
  class space    used 2572K, capacity 2718K, committed 2816K, reserved 1048576K

